<?xml version="1.0" encoding="UTF-8" ?>
<testsuite tests="10" failures="2" name="TestSuite" time="36.784" errors="0" skipped="0">
  <properties>
[...]
</properties>
  <testcase classname="com.crm.qa.testcases.ContactsPageTest" name="verifyContactsPageLabel" time="0.144"/>
  <testcase classname="com.crm.qa.testcases.ContactsPageTest" name="selectContactsTest" time="0.798"/>
  <testcase classname="com.crm.qa.testcases.ContactsPageTest" name="validateCreatNewContact" time="10.533">
    <failure message="no such element: Unable to locate element: {&quot;method&quot;:&quot;css selector&quot;,&quot;selector&quot;:&quot;*[name=&apos;first_name&apos;]&quot;}
  (Session info: chrome=90.0.4430.93)
For documentation on this error, please visit: https://selenium.dev/exceptions/#no_such_element
Build info: version: &apos;4.0.0-beta-3&apos;, revision: &apos;5d108f9a67&apos;
System info: host: &apos;ABHINANDAN_PATI&apos;, ip: &apos;192.168.225.160&apos;, os.name: &apos;Windows 10&apos;, os.arch: &apos;amd64&apos;, os.version: &apos;10.0&apos;, java.version: &apos;1.8.0_171&apos;
Driver info: org.openqa.selenium.chrome.ChromeDriver
Command: [a6038db604f5a1d7b930b3389350f34e, findElement {using=name, value=first_name}]
Capabilities {acceptInsecureCerts: false, browserName: chrome, browserVersion: 90.0.4430.93, chrome: {chromedriverVersion: 89.0.4389.23 (61b08ee2c5002..., userDataDir: C:\Users\ABHINA~1.PAT\AppDa...}, goog:chromeOptions: {debuggerAddress: localhost:61922}, javascriptEnabled: true, networkConnectionEnabled: false, pageLoadStrategy: normal, platform: WINDOWS, platformName: WINDOWS, proxy: Proxy(), se:cdp: ws://localhost:61922/devtoo..., se:cdpVersion: 90.0.4430.93, setWindowRect: true, strictFileInteractability: false, timeouts: {implicit: 0, pageLoad: 300000, script: 30000}, unhandledPromptBehavior: dismiss and notify, webauthn:extension:largeBlob: true, webauthn:virtualAuthenticators: true}
Session ID: a6038db604f5a1d7b930b3389350f34e" type="org.openqa.selenium.NoSuchElementException">org.openqa.selenium.NoSuchElementException: no such element: Unable to locate element: {&quot;method&quot;:&quot;css selector&quot;,&quot;selector&quot;:&quot;*[name=&apos;first_name&apos;]&quot;}
  (Session info: chrome=90.0.4430.93)
For documentation on this error, please visit: https://selenium.dev/exceptions/#no_such_element
Build info: version: &apos;4.0.0-beta-3&apos;, revision: &apos;5d108f9a67&apos;
System info: host: &apos;ABHINANDAN_PATI&apos;, ip: &apos;192.168.225.160&apos;, os.name: &apos;Windows 10&apos;, os.arch: &apos;amd64&apos;, os.version: &apos;10.0&apos;, java.version: &apos;1.8.0_171&apos;
Driver info: org.openqa.selenium.chrome.ChromeDriver
Command: [a6038db604f5a1d7b930b3389350f34e, findElement {using=name, value=first_name}]
Capabilities {acceptInsecureCerts: false, browserName: chrome, browserVersion: 90.0.4430.93, chrome: {chromedriverVersion: 89.0.4389.23 (61b08ee2c5002..., userDataDir: C:\Users\ABHINA~1.PAT\AppDa...}, goog:chromeOptions: {debuggerAddress: localhost:61922}, javascriptEnabled: true, networkConnectionEnabled: false, pageLoadStrategy: normal, platform: WINDOWS, platformName: WINDOWS, proxy: Proxy(), se:cdp: ws://localhost:61922/devtoo..., se:cdpVersion: 90.0.4430.93, setWindowRect: true, strictFileInteractability: false, timeouts: {implicit: 0, pageLoad: 300000, script: 30000}, unhandledPromptBehavior: dismiss and notify, webauthn:extension:largeBlob: true, webauthn:virtualAuthenticators: true}
Session ID: a6038db604f5a1d7b930b3389350f34e
	at sun.reflect.NativeConstructorAccessorImpl.newInstance0(Native Method)
	at sun.reflect.NativeConstructorAccessorImpl.newInstance(NativeConstructorAccessorImpl.java:62)
	at sun.reflect.DelegatingConstructorAccessorImpl.newInstance(DelegatingConstructorAccessorImpl.java:45)
	at java.lang.reflect.Constructor.newInstance(Constructor.java:423)
	at org.openqa.selenium.remote.codec.w3c.W3CHttpResponseCodec.createException(W3CHttpResponseCodec.java:198)
	at org.openqa.selenium.remote.codec.w3c.W3CHttpResponseCodec.decode(W3CHttpResponseCodec.java:131)
	at org.openqa.selenium.remote.codec.w3c.W3CHttpResponseCodec.decode(W3CHttpResponseCodec.java:52)
	at org.openqa.selenium.remote.HttpCommandExecutor.execute(HttpCommandExecutor.java:184)
	at org.openqa.selenium.remote.service.DriverCommandExecutor.invokeExecute(DriverCommandExecutor.java:153)
	at org.openqa.selenium.remote.service.DriverCommandExecutor.execute(DriverCommandExecutor.java:128)
	at org.openqa.selenium.remote.RemoteWebDriver.execute(RemoteWebDriver.java:619)
	at org.openqa.selenium.remote.RemoteWebDriver$Mechanism$2.findElement(RemoteWebDriver.java:1258)
	at org.openqa.selenium.remote.RemoteWebDriver.findElement(RemoteWebDriver.java:386)
	at org.openqa.selenium.remote.RemoteWebDriver.findElement(RemoteWebDriver.java:380)
	at sun.reflect.GeneratedMethodAccessor3.invoke(Unknown Source)
	at sun.reflect.DelegatingMethodAccessorImpl.invoke(DelegatingMethodAccessorImpl.java:43)
	at java.lang.reflect.Method.invoke(Method.java:498)
	at org.openqa.selenium.support.events.EventFiringWebDriver.lambda$new$1(EventFiringWebDriver.java:115)
	at com.sun.proxy.$Proxy15.findElement(Unknown Source)
	at org.openqa.selenium.support.events.EventFiringWebDriver.findElement(EventFiringWebDriver.java:204)
	at org.openqa.selenium.support.pagefactory.DefaultElementLocator.findElement(DefaultElementLocator.java:70)
	at org.openqa.selenium.support.pagefactory.internal.LocatingElementHandler.invoke(LocatingElementHandler.java:39)
	at com.sun.proxy.$Proxy19.sendKeys(Unknown Source)
	at com.crm.qa.pages.ContactsPage.createNewContact(ContactsPage.java:77)
	at com.crm.qa.testcases.ContactsPageTest.validateCreatNewContact(ContactsPageTest.java:64)
</failure>
    <system-out>Before navigating to: &apos;https://ui.cogmento.com/ &apos;
Navigated to:&apos;https://ui.cogmento.com/ &apos;
Trying to find Element By : By.name: email
Found Element By : By.name: email
Trying to find Element By : By.name: password
Found Element By : By.name: password
Trying to find Element By : By.xpath: //body/div[@id=&apos;ui&apos;]/div[1]/div[1]/form[1]/div[1]/div[3]
Found Element By : By.xpath: //body/div[@id=&apos;ui&apos;]/div[1]/div[1]/form[1]/div[1]/div[3]
Trying to click on: [[ChromeDriver: chrome on WINDOWS (a6038db604f5a1d7b930b3389350f34e)] -&gt; xpath: //body/div[@id=&apos;ui&apos;]/div[1]/div[1]/form[1]/div[1]/div[3]]
Clicked on: [[ChromeDriver: chrome on WINDOWS (a6038db604f5a1d7b930b3389350f34e)] -&gt; xpath: //body/div[@id=&apos;ui&apos;]/div[1]/div[1]/form[1]/div[1]/div[3]]
Trying to find Element By : By.xpath: //span[contains(text(),&apos;Contacts&apos;)]
Found Element By : By.xpath: //span[contains(text(),&apos;Contacts&apos;)]
Trying to click on: [[ChromeDriver: chrome on WINDOWS (a6038db604f5a1d7b930b3389350f34e)] -&gt; xpath: //span[contains(text(),&apos;Contacts&apos;)]]
Clicked on: [[ChromeDriver: chrome on WINDOWS (a6038db604f5a1d7b930b3389350f34e)] -&gt; xpath: //span[contains(text(),&apos;Contacts&apos;)]]
Trying to find Element By : By.xpath: //span[contains(text(),&apos;Contacts&apos;)]
Found Element By : By.xpath: //span[contains(text(),&apos;Contacts&apos;)]
Trying to find Element By : By.xpath: //body/div[@id=&apos;ui&apos;]/div[1]/div[2]/div[2]/div[1]/div[1]/div[2]/div[1]/a[1]/button[1]
Found Element By : By.xpath: //body/div[@id=&apos;ui&apos;]/div[1]/div[2]/div[2]/div[1]/div[1]/div[2]/div[1]/a[1]/button[1]
Trying to click on: [[ChromeDriver: chrome on WINDOWS (a6038db604f5a1d7b930b3389350f34e)] -&gt; xpath: //body/div[@id=&apos;ui&apos;]/div[1]/div[2]/div[2]/div[1]/div[1]/div[2]/div[1]/a[1]/button[1]]
Clicked on: [[ChromeDriver: chrome on WINDOWS (a6038db604f5a1d7b930b3389350f34e)] -&gt; xpath: //body/div[@id=&apos;ui&apos;]/div[1]/div[2]/div[2]/div[1]/div[1]/div[2]/div[1]/a[1]/button[1]]
Trying to find Element By : By.name: first_name
Exception occured: org.openqa.selenium.NoSuchElementException: no such element: Unable to locate element: {&quot;method&quot;:&quot;css selector&quot;,&quot;selector&quot;:&quot;*[name=&apos;first_name&apos;]&quot;}
  (Session info: chrome=90.0.4430.93)
For documentation on this error, please visit: https://selenium.dev/exceptions/#no_such_element
Build info: version: &apos;4.0.0-beta-3&apos;, revision: &apos;5d108f9a67&apos;
System info: host: &apos;ABHINANDAN_PATI&apos;, ip: &apos;192.168.225.160&apos;, os.name: &apos;Windows 10&apos;, os.arch: &apos;amd64&apos;, os.version: &apos;10.0&apos;, java.version: &apos;1.8.0_171&apos;
Driver info: org.openqa.selenium.chrome.ChromeDriver
Command: [a6038db604f5a1d7b930b3389350f34e, findElement {using=name, value=first_name}]
Capabilities {acceptInsecureCerts: false, browserName: chrome, browserVersion: 90.0.4430.93, chrome: {chromedriverVersion: 89.0.4389.23 (61b08ee2c5002..., userDataDir: C:\Users\ABHINA~1.PAT\AppDa...}, goog:chromeOptions: {debuggerAddress: localhost:61922}, javascriptEnabled: true, networkConnectionEnabled: false, pageLoadStrategy: normal, platform: WINDOWS, platformName: WINDOWS, proxy: Proxy(), se:cdp: ws://localhost:61922/devtoo..., se:cdpVersion: 90.0.4430.93, setWindowRect: true, strictFileInteractability: false, timeouts: {implicit: 0, pageLoad: 300000, script: 30000}, unhandledPromptBehavior: dismiss and notify, webauthn:extension:largeBlob: true, webauthn:virtualAuthenticators: true}
Session ID: a6038db604f5a1d7b930b3389350f34e
</system-out>
    <system-err>Starting ChromeDriver 89.0.4389.23 (61b08ee2c50024bab004e48d2b1b083cdbdac579-refs/branch-heads/4389@{#294}) on port 43552
Only local connections are allowed.
Please see https://chromedriver.chromium.org/security-considerations for suggestions on keeping ChromeDriver safe.
ChromeDriver was started successfully.
[1620652327.964][WARNING]: This version of ChromeDriver has not been tested with Chrome version 90.
May 10, 2021 6:42:07 PM org.openqa.selenium.remote.ProtocolHandshake createSession
INFO: Detected dialect: W3C
May 10, 2021 6:42:08 PM org.openqa.selenium.devtools.CdpVersionFinder findNearestMatch
INFO: Found exact CDP implementation for version 90
</system-err>
  </testcase>
  <testcase classname="com.crm.qa.testcases.ContactsPageTest" name="validateCreatNewContact" time="2.084"/>
  <testcase classname="com.crm.qa.testcases.ContactsPageTest" name="validateCreatNewContact" time="10.432">
    <failure message="no such element: Unable to locate element: {&quot;method&quot;:&quot;css selector&quot;,&quot;selector&quot;:&quot;*[name=&apos;first_name&apos;]&quot;}
  (Session info: chrome=90.0.4430.93)
For documentation on this error, please visit: https://selenium.dev/exceptions/#no_such_element
Build info: version: &apos;4.0.0-beta-3&apos;, revision: &apos;5d108f9a67&apos;
System info: host: &apos;ABHINANDAN_PATI&apos;, ip: &apos;192.168.225.160&apos;, os.name: &apos;Windows 10&apos;, os.arch: &apos;amd64&apos;, os.version: &apos;10.0&apos;, java.version: &apos;1.8.0_171&apos;
Driver info: org.openqa.selenium.chrome.ChromeDriver
Command: [54c8097a5a80756ef3492410d1f903d0, findElement {using=name, value=first_name}]
Capabilities {acceptInsecureCerts: false, browserName: chrome, browserVersion: 90.0.4430.93, chrome: {chromedriverVersion: 89.0.4389.23 (61b08ee2c5002..., userDataDir: C:\Users\ABHINA~1.PAT\AppDa...}, goog:chromeOptions: {debuggerAddress: localhost:61990}, javascriptEnabled: true, networkConnectionEnabled: false, pageLoadStrategy: normal, platform: WINDOWS, platformName: WINDOWS, proxy: Proxy(), se:cdp: ws://localhost:61990/devtoo..., se:cdpVersion: 90.0.4430.93, setWindowRect: true, strictFileInteractability: false, timeouts: {implicit: 0, pageLoad: 300000, script: 30000}, unhandledPromptBehavior: dismiss and notify, webauthn:extension:largeBlob: true, webauthn:virtualAuthenticators: true}
Session ID: 54c8097a5a80756ef3492410d1f903d0" type="org.openqa.selenium.NoSuchElementException">org.openqa.selenium.NoSuchElementException: no such element: Unable to locate element: {&quot;method&quot;:&quot;css selector&quot;,&quot;selector&quot;:&quot;*[name=&apos;first_name&apos;]&quot;}
  (Session info: chrome=90.0.4430.93)
For documentation on this error, please visit: https://selenium.dev/exceptions/#no_such_element
Build info: version: &apos;4.0.0-beta-3&apos;, revision: &apos;5d108f9a67&apos;
System info: host: &apos;ABHINANDAN_PATI&apos;, ip: &apos;192.168.225.160&apos;, os.name: &apos;Windows 10&apos;, os.arch: &apos;amd64&apos;, os.version: &apos;10.0&apos;, java.version: &apos;1.8.0_171&apos;
Driver info: org.openqa.selenium.chrome.ChromeDriver
Command: [54c8097a5a80756ef3492410d1f903d0, findElement {using=name, value=first_name}]
Capabilities {acceptInsecureCerts: false, browserName: chrome, browserVersion: 90.0.4430.93, chrome: {chromedriverVersion: 89.0.4389.23 (61b08ee2c5002..., userDataDir: C:\Users\ABHINA~1.PAT\AppDa...}, goog:chromeOptions: {debuggerAddress: localhost:61990}, javascriptEnabled: true, networkConnectionEnabled: false, pageLoadStrategy: normal, platform: WINDOWS, platformName: WINDOWS, proxy: Proxy(), se:cdp: ws://localhost:61990/devtoo..., se:cdpVersion: 90.0.4430.93, setWindowRect: true, strictFileInteractability: false, timeouts: {implicit: 0, pageLoad: 300000, script: 30000}, unhandledPromptBehavior: dismiss and notify, webauthn:extension:largeBlob: true, webauthn:virtualAuthenticators: true}
Session ID: 54c8097a5a80756ef3492410d1f903d0
	at sun.reflect.NativeConstructorAccessorImpl.newInstance0(Native Method)
	at sun.reflect.NativeConstructorAccessorImpl.newInstance(NativeConstructorAccessorImpl.java:62)
	at sun.reflect.DelegatingConstructorAccessorImpl.newInstance(DelegatingConstructorAccessorImpl.java:45)
	at java.lang.reflect.Constructor.newInstance(Constructor.java:423)
	at org.openqa.selenium.remote.codec.w3c.W3CHttpResponseCodec.createException(W3CHttpResponseCodec.java:198)
	at org.openqa.selenium.remote.codec.w3c.W3CHttpResponseCodec.decode(W3CHttpResponseCodec.java:131)
	at org.openqa.selenium.remote.codec.w3c.W3CHttpResponseCodec.decode(W3CHttpResponseCodec.java:52)
	at org.openqa.selenium.remote.HttpCommandExecutor.execute(HttpCommandExecutor.java:184)
	at org.openqa.selenium.remote.service.DriverCommandExecutor.invokeExecute(DriverCommandExecutor.java:153)
	at org.openqa.selenium.remote.service.DriverCommandExecutor.execute(DriverCommandExecutor.java:128)
	at org.openqa.selenium.remote.RemoteWebDriver.execute(RemoteWebDriver.java:619)
	at org.openqa.selenium.remote.RemoteWebDriver$Mechanism$2.findElement(RemoteWebDriver.java:1258)
	at org.openqa.selenium.remote.RemoteWebDriver.findElement(RemoteWebDriver.java:386)
	at org.openqa.selenium.remote.RemoteWebDriver.findElement(RemoteWebDriver.java:380)
	at sun.reflect.GeneratedMethodAccessor3.invoke(Unknown Source)
	at sun.reflect.DelegatingMethodAccessorImpl.invoke(DelegatingMethodAccessorImpl.java:43)
	at java.lang.reflect.Method.invoke(Method.java:498)
	at org.openqa.selenium.support.events.EventFiringWebDriver.lambda$new$1(EventFiringWebDriver.java:115)
	at com.sun.proxy.$Proxy15.findElement(Unknown Source)
	at org.openqa.selenium.support.events.EventFiringWebDriver.findElement(EventFiringWebDriver.java:204)
	at org.openqa.selenium.support.pagefactory.DefaultElementLocator.findElement(DefaultElementLocator.java:70)
	at org.openqa.selenium.support.pagefactory.internal.LocatingElementHandler.invoke(LocatingElementHandler.java:39)
	at com.sun.proxy.$Proxy19.sendKeys(Unknown Source)
	at com.crm.qa.pages.ContactsPage.createNewContact(ContactsPage.java:77)
	at com.crm.qa.testcases.ContactsPageTest.validateCreatNewContact(ContactsPageTest.java:64)
</failure>
    <system-out>Before navigating to: &apos;https://ui.cogmento.com/ &apos;
Navigated to:&apos;https://ui.cogmento.com/ &apos;
Trying to find Element By : By.name: email
Found Element By : By.name: email
Trying to find Element By : By.name: password
Found Element By : By.name: password
Trying to find Element By : By.xpath: //body/div[@id=&apos;ui&apos;]/div[1]/div[1]/form[1]/div[1]/div[3]
Found Element By : By.xpath: //body/div[@id=&apos;ui&apos;]/div[1]/div[1]/form[1]/div[1]/div[3]
Trying to click on: [[ChromeDriver: chrome on WINDOWS (54c8097a5a80756ef3492410d1f903d0)] -&gt; xpath: //body/div[@id=&apos;ui&apos;]/div[1]/div[1]/form[1]/div[1]/div[3]]
Clicked on: [[ChromeDriver: chrome on WINDOWS (54c8097a5a80756ef3492410d1f903d0)] -&gt; xpath: //body/div[@id=&apos;ui&apos;]/div[1]/div[1]/form[1]/div[1]/div[3]]
Trying to find Element By : By.xpath: //span[contains(text(),&apos;Contacts&apos;)]
Found Element By : By.xpath: //span[contains(text(),&apos;Contacts&apos;)]
Trying to click on: [[ChromeDriver: chrome on WINDOWS (54c8097a5a80756ef3492410d1f903d0)] -&gt; xpath: //span[contains(text(),&apos;Contacts&apos;)]]
Clicked on: [[ChromeDriver: chrome on WINDOWS (54c8097a5a80756ef3492410d1f903d0)] -&gt; xpath: //span[contains(text(),&apos;Contacts&apos;)]]
Trying to find Element By : By.xpath: //span[contains(text(),&apos;Contacts&apos;)]
Found Element By : By.xpath: //span[contains(text(),&apos;Contacts&apos;)]
Trying to find Element By : By.xpath: //body/div[@id=&apos;ui&apos;]/div[1]/div[2]/div[2]/div[1]/div[1]/div[2]/div[1]/a[1]/button[1]
Found Element By : By.xpath: //body/div[@id=&apos;ui&apos;]/div[1]/div[2]/div[2]/div[1]/div[1]/div[2]/div[1]/a[1]/button[1]
Trying to click on: [[ChromeDriver: chrome on WINDOWS (54c8097a5a80756ef3492410d1f903d0)] -&gt; xpath: //body/div[@id=&apos;ui&apos;]/div[1]/div[2]/div[2]/div[1]/div[1]/div[2]/div[1]/a[1]/button[1]]
Clicked on: [[ChromeDriver: chrome on WINDOWS (54c8097a5a80756ef3492410d1f903d0)] -&gt; xpath: //body/div[@id=&apos;ui&apos;]/div[1]/div[2]/div[2]/div[1]/div[1]/div[2]/div[1]/a[1]/button[1]]
Trying to find Element By : By.name: first_name
Exception occured: org.openqa.selenium.NoSuchElementException: no such element: Unable to locate element: {&quot;method&quot;:&quot;css selector&quot;,&quot;selector&quot;:&quot;*[name=&apos;first_name&apos;]&quot;}
  (Session info: chrome=90.0.4430.93)
For documentation on this error, please visit: https://selenium.dev/exceptions/#no_such_element
Build info: version: &apos;4.0.0-beta-3&apos;, revision: &apos;5d108f9a67&apos;
System info: host: &apos;ABHINANDAN_PATI&apos;, ip: &apos;192.168.225.160&apos;, os.name: &apos;Windows 10&apos;, os.arch: &apos;amd64&apos;, os.version: &apos;10.0&apos;, java.version: &apos;1.8.0_171&apos;
Driver info: org.openqa.selenium.chrome.ChromeDriver
Command: [54c8097a5a80756ef3492410d1f903d0, findElement {using=name, value=first_name}]
Capabilities {acceptInsecureCerts: false, browserName: chrome, browserVersion: 90.0.4430.93, chrome: {chromedriverVersion: 89.0.4389.23 (61b08ee2c5002..., userDataDir: C:\Users\ABHINA~1.PAT\AppDa...}, goog:chromeOptions: {debuggerAddress: localhost:61990}, javascriptEnabled: true, networkConnectionEnabled: false, pageLoadStrategy: normal, platform: WINDOWS, platformName: WINDOWS, proxy: Proxy(), se:cdp: ws://localhost:61990/devtoo..., se:cdpVersion: 90.0.4430.93, setWindowRect: true, strictFileInteractability: false, timeouts: {implicit: 0, pageLoad: 300000, script: 30000}, unhandledPromptBehavior: dismiss and notify, webauthn:extension:largeBlob: true, webauthn:virtualAuthenticators: true}
Session ID: 54c8097a5a80756ef3492410d1f903d0
</system-out>
    <system-err>Starting ChromeDriver 89.0.4389.23 (61b08ee2c50024bab004e48d2b1b083cdbdac579-refs/branch-heads/4389@{#294}) on port 45310
Only local connections are allowed.
Please see https://chromedriver.chromium.org/security-considerations for suggestions on keeping ChromeDriver safe.
ChromeDriver was started successfully.
[1620652369.837][WARNING]: This version of ChromeDriver has not been tested with Chrome version 90.
May 10, 2021 6:42:49 PM org.openqa.selenium.remote.ProtocolHandshake createSession
INFO: Detected dialect: W3C
May 10, 2021 6:42:49 PM org.openqa.selenium.devtools.CdpVersionFinder findNearestMatch
INFO: Found exact CDP implementation for version 90
</system-err>
  </testcase>
  <testcase classname="com.crm.qa.testcases.HomePageTest" name="verifyHomePageTitle" time="0.016"/>
  <testcase classname="com.crm.qa.testcases.HomePageTest" name="verifyUserNameTest" time="2.468"/>
  <testcase classname="com.crm.qa.testcases.HomePageTest" name="verifyContactslinkTest" time="1.635"/>
  <testcase classname="com.crm.qa.testcases.LoginPageTest" name="loginPageTitleTest" time="0"/>
  <testcase classname="com.crm.qa.testcases.LoginPageTest" name="LoginTest" time="8.674"/>
</testsuite>